21:43:53.122 [main] INFO  com.intuit.karate - karate.env system property was: test 
21:43:54.504 [main] DEBUG com.intuit.karate - 
1 > GET https://api.github.com/users/Aya-Akl
1 > Accept-Encoding: gzip,deflate
1 > Connection: Keep-Alive
1 > Host: api.github.com
1 > User-Agent: Apache-HttpClient/4.5.4 (Java/1.8.0_161)

21:43:55.933 [main] DEBUG com.intuit.karate - 
1 < 200
1 < Access-Control-Allow-Origin: *
1 < Access-Control-Expose-Headers: ETag, Link, Retry-After, X-GitHub-OTP, X-RateLimit-Limit, X-RateLimit-Remaining, X-RateLimit-Reset, X-OAuth-Scopes, X-Accepted-OAuth-Scopes, X-Poll-Interval
1 < Cache-Control: public, max-age=60, s-maxage=60
1 < Content-Security-Policy: default-src 'none'
1 < Content-Type: application/json; charset=utf-8
1 < Date: Wed, 09 May 2018 19:43:47 GMT
1 < ETag: W/"b51a827f3b9a1ac5a5531cf499509918"
1 < Last-Modified: Wed, 09 May 2018 15:07:26 GMT
1 < Referrer-Policy: origin-when-cross-origin, strict-origin-when-cross-origin
1 < Server: GitHub.com
1 < Status: 200 OK
1 < Strict-Transport-Security: max-age=31536000; includeSubdomains; preload
1 < Transfer-Encoding: chunked
1 < Vary: Accept
1 < X-Content-Type-Options: nosniff
1 < X-Frame-Options: deny
1 < X-GitHub-Media-Type: github.v3; format=json
1 < X-GitHub-Request-Id: D6EE:55F2:1164AB1:233AC14:5AF34F72
1 < X-RateLimit-Limit: 60
1 < X-RateLimit-Remaining: 21
1 < X-RateLimit-Reset: 1525897220
1 < X-Runtime-rack: 0.031489
1 < X-XSS-Protection: 1; mode=block
{"login":"Aya-Akl","id":3470578,"avatar_url":"https://avatars3.githubusercontent.com/u/3470578?v=4","gravatar_id":"","url":"https://api.github.com/users/Aya-Akl","html_url":"https://github.com/Aya-Akl","followers_url":"https://api.github.com/users/Aya-Akl/followers","following_url":"https://api.github.com/users/Aya-Akl/following{/other_user}","gists_url":"https://api.github.com/users/Aya-Akl/gists{/gist_id}","starred_url":"https://api.github.com/users/Aya-Akl/starred{/owner}{/repo}","subscriptions_url":"https://api.github.com/users/Aya-Akl/subscriptions","organizations_url":"https://api.github.com/users/Aya-Akl/orgs","repos_url":"https://api.github.com/users/Aya-Akl/repos","events_url":"https://api.github.com/users/Aya-Akl/events{/privacy}","received_events_url":"https://api.github.com/users/Aya-Akl/received_events","type":"User","site_admin":false,"name":null,"company":null,"blog":"https://twitter.com/AyaAkl","location":"Cairo, Egypt","email":null,"hireable":null,"bio":"Passionate software test engineer who wants to change the world - mobile testing specifically - 🇪🇬","public_repos":4,"public_gists":1,"followers":0,"following":1,"created_at":"2013-02-04T10:55:35Z","updated_at":"2018-05-09T15:07:26Z"}

21:43:55.936 [main] DEBUG com.intuit.karate - response time in milliseconds: 2173
21:43:56.056 [main] INFO  com.intuit.karate - karate.env system property was: test 
21:43:56.061 [main] DEBUG com.intuit.karate - 
1 > GET https://api.github.com/users/Aya-Akl
1 > Accept-Encoding: gzip,deflate
1 > Connection: Keep-Alive
1 > Host: api.github.com
1 > User-Agent: Apache-HttpClient/4.5.4 (Java/1.8.0_161)

21:43:56.937 [main] DEBUG com.intuit.karate - 
1 < 200
1 < Access-Control-Allow-Origin: *
1 < Access-Control-Expose-Headers: ETag, Link, Retry-After, X-GitHub-OTP, X-RateLimit-Limit, X-RateLimit-Remaining, X-RateLimit-Reset, X-OAuth-Scopes, X-Accepted-OAuth-Scopes, X-Poll-Interval
1 < Cache-Control: public, max-age=60, s-maxage=60
1 < Content-Security-Policy: default-src 'none'
1 < Content-Type: application/json; charset=utf-8
1 < Date: Wed, 09 May 2018 19:43:48 GMT
1 < ETag: W/"b51a827f3b9a1ac5a5531cf499509918"
1 < Last-Modified: Wed, 09 May 2018 15:07:26 GMT
1 < Referrer-Policy: origin-when-cross-origin, strict-origin-when-cross-origin
1 < Server: GitHub.com
1 < Status: 200 OK
1 < Strict-Transport-Security: max-age=31536000; includeSubdomains; preload
1 < Transfer-Encoding: chunked
1 < Vary: Accept
1 < X-Content-Type-Options: nosniff
1 < X-Frame-Options: deny
1 < X-GitHub-Media-Type: github.v3; format=json
1 < X-GitHub-Request-Id: D6EF:55F3:8EA286:154FEA1:5AF34F74
1 < X-RateLimit-Limit: 60
1 < X-RateLimit-Remaining: 20
1 < X-RateLimit-Reset: 1525897220
1 < X-Runtime-rack: 0.023799
1 < X-XSS-Protection: 1; mode=block
{"login":"Aya-Akl","id":3470578,"avatar_url":"https://avatars3.githubusercontent.com/u/3470578?v=4","gravatar_id":"","url":"https://api.github.com/users/Aya-Akl","html_url":"https://github.com/Aya-Akl","followers_url":"https://api.github.com/users/Aya-Akl/followers","following_url":"https://api.github.com/users/Aya-Akl/following{/other_user}","gists_url":"https://api.github.com/users/Aya-Akl/gists{/gist_id}","starred_url":"https://api.github.com/users/Aya-Akl/starred{/owner}{/repo}","subscriptions_url":"https://api.github.com/users/Aya-Akl/subscriptions","organizations_url":"https://api.github.com/users/Aya-Akl/orgs","repos_url":"https://api.github.com/users/Aya-Akl/repos","events_url":"https://api.github.com/users/Aya-Akl/events{/privacy}","received_events_url":"https://api.github.com/users/Aya-Akl/received_events","type":"User","site_admin":false,"name":null,"company":null,"blog":"https://twitter.com/AyaAkl","location":"Cairo, Egypt","email":null,"hireable":null,"bio":"Passionate software test engineer who wants to change the world - mobile testing specifically - 🇪🇬","public_repos":4,"public_gists":1,"followers":0,"following":1,"created_at":"2013-02-04T10:55:35Z","updated_at":"2018-05-09T15:07:26Z"}

21:43:56.938 [main] DEBUG com.intuit.karate - response time in milliseconds: 878
21:43:57.008 [main] INFO  com.intuit.karate - [print] user location is Cairo, Egypt
21:43:57.111 [main] INFO  com.intuit.karate - karate.env system property was: test 
21:43:57.128 [main] DEBUG com.intuit.karate - 
1 > GET https://api.github.com/users/Aya-Akl/repos
1 > Accept-Encoding: gzip,deflate
1 > Connection: Keep-Alive
1 > Host: api.github.com
1 > User-Agent: Apache-HttpClient/4.5.4 (Java/1.8.0_161)

21:43:57.809 [main] DEBUG com.intuit.karate - 
1 < 200
1 < Access-Control-Allow-Origin: *
1 < Access-Control-Expose-Headers: ETag, Link, Retry-After, X-GitHub-OTP, X-RateLimit-Limit, X-RateLimit-Remaining, X-RateLimit-Reset, X-OAuth-Scopes, X-Accepted-OAuth-Scopes, X-Poll-Interval
1 < Cache-Control: public, max-age=60, s-maxage=60
1 < Content-Security-Policy: default-src 'none'
1 < Content-Type: application/json; charset=utf-8
1 < Date: Wed, 09 May 2018 19:43:49 GMT
1 < ETag: W/"12027265bdc8ceed20615b844953e183"
1 < Referrer-Policy: origin-when-cross-origin, strict-origin-when-cross-origin
1 < Server: GitHub.com
1 < Status: 200 OK
1 < Strict-Transport-Security: max-age=31536000; includeSubdomains; preload
1 < Transfer-Encoding: chunked
1 < Vary: Accept
1 < X-Content-Type-Options: nosniff
1 < X-Frame-Options: deny
1 < X-GitHub-Media-Type: github.v3; format=json
1 < X-GitHub-Request-Id: D6F0:55F2:1164B83:233AE2B:5AF34F75
1 < X-RateLimit-Limit: 60
1 < X-RateLimit-Remaining: 19
1 < X-RateLimit-Reset: 1525897220
1 < X-Runtime-rack: 0.048108
1 < X-XSS-Protection: 1; mode=block
[{"id":130115344,"name":"AndroidTestingPlayground","full_name":"Aya-Akl/AndroidTestingPlayground","owner":{"login":"Aya-Akl","id":3470578,"avatar_url":"https://avatars3.githubusercontent.com/u/3470578?v=4","gravatar_id":"","url":"https://api.github.com/users/Aya-Akl","html_url":"https://github.com/Aya-Akl","followers_url":"https://api.github.com/users/Aya-Akl/followers","following_url":"https://api.github.com/users/Aya-Akl/following{/other_user}","gists_url":"https://api.github.com/users/Aya-Akl/gists{/gist_id}","starred_url":"https://api.github.com/users/Aya-Akl/starred{/owner}{/repo}","subscriptions_url":"https://api.github.com/users/Aya-Akl/subscriptions","organizations_url":"https://api.github.com/users/Aya-Akl/orgs","repos_url":"https://api.github.com/users/Aya-Akl/repos","events_url":"https://api.github.com/users/Aya-Akl/events{/privacy}","received_events_url":"https://api.github.com/users/Aya-Akl/received_events","type":"User","site_admin":false},"private":false,"html_url":"https://github.com/Aya-Akl/AndroidTestingPlayground","description":null,"fork":false,"url":"https://api.github.com/repos/Aya-Akl/AndroidTestingPlayground","forks_url":"https://api.github.com/repos/Aya-Akl/AndroidTestingPlayground/forks","keys_url":"https://api.github.com/repos/Aya-Akl/AndroidTestingPlayground/keys{/key_id}","collaborators_url":"https://api.github.com/repos/Aya-Akl/AndroidTestingPlayground/collaborators{/collaborator}","teams_url":"https://api.github.com/repos/Aya-Akl/AndroidTestingPlayground/teams","hooks_url":"https://api.github.com/repos/Aya-Akl/AndroidTestingPlayground/hooks","issue_events_url":"https://api.github.com/repos/Aya-Akl/AndroidTestingPlayground/issues/events{/number}","events_url":"https://api.github.com/repos/Aya-Akl/AndroidTestingPlayground/events","assignees_url":"https://api.github.com/repos/Aya-Akl/AndroidTestingPlayground/assignees{/user}","branches_url":"https://api.github.com/repos/Aya-Akl/AndroidTestingPlayground/branches{/branch}","tags_url":"https://api.github.com/repos/Aya-Akl/AndroidTestingPlayground/tags","blobs_url":"https://api.github.com/repos/Aya-Akl/AndroidTestingPlayground/git/blobs{/sha}","git_tags_url":"https://api.github.com/repos/Aya-Akl/AndroidTestingPlayground/git/tags{/sha}","git_refs_url":"https://api.github.com/repos/Aya-Akl/AndroidTestingPlayground/git/refs{/sha}","trees_url":"https://api.github.com/repos/Aya-Akl/AndroidTestingPlayground/git/trees{/sha}","statuses_url":"https://api.github.com/repos/Aya-Akl/AndroidTestingPlayground/statuses/{sha}","languages_url":"https://api.github.com/repos/Aya-Akl/AndroidTestingPlayground/languages","stargazers_url":"https://api.github.com/repos/Aya-Akl/AndroidTestingPlayground/stargazers","contributors_url":"https://api.github.com/repos/Aya-Akl/AndroidTestingPlayground/contributors","subscribers_url":"https://api.github.com/repos/Aya-Akl/AndroidTestingPlayground/subscribers","subscription_url":"https://api.github.com/repos/Aya-Akl/AndroidTestingPlayground/subscription","commits_url":"https://api.github.com/repos/Aya-Akl/AndroidTestingPlayground/commits{/sha}","git_commits_url":"https://api.github.com/repos/Aya-Akl/AndroidTestingPlayground/git/commits{/sha}","comments_url":"https://api.github.com/repos/Aya-Akl/AndroidTestingPlayground/comments{/number}","issue_comment_url":"https://api.github.com/repos/Aya-Akl/AndroidTestingPlayground/issues/comments{/number}","contents_url":"https://api.github.com/repos/Aya-Akl/AndroidTestingPlayground/contents/{+path}","compare_url":"https://api.github.com/repos/Aya-Akl/AndroidTestingPlayground/compare/{base}...{head}","merges_url":"https://api.github.com/repos/Aya-Akl/AndroidTestingPlayground/merges","archive_url":"https://api.github.com/repos/Aya-Akl/AndroidTestingPlayground/{archive_format}{/ref}","downloads_url":"https://api.github.com/repos/Aya-Akl/AndroidTestingPlayground/downloads","issues_url":"https://api.github.com/repos/Aya-Akl/AndroidTestingPlayground/issues{/number}","pulls_url":"https://api.github.com/repos/Aya-Akl/AndroidTestingPlayground/pulls{/number}","milestones_url":"https://api.github.com/repos/Aya-Akl/AndroidTestingPlayground/milestones{/number}","notifications_url":"https://api.github.com/repos/Aya-Akl/AndroidTestingPlayground/notifications{?since,all,participating}","labels_url":"https://api.github.com/repos/Aya-Akl/AndroidTestingPlayground/labels{/name}","releases_url":"https://api.github.com/repos/Aya-Akl/AndroidTestingPlayground/releases{/id}","deployments_url":"https://api.github.com/repos/Aya-Akl/AndroidTestingPlayground/deployments","created_at":"2018-04-18T20:00:10Z","updated_at":"2018-04-18T20:01:17Z","pushed_at":"2018-04-18T20:01:15Z","git_url":"git://github.com/Aya-Akl/AndroidTestingPlayground.git","ssh_url":"git@github.com:Aya-Akl/AndroidTestingPlayground.git","clone_url":"https://github.com/Aya-Akl/AndroidTestingPlayground.git","svn_url":"https://github.com/Aya-Akl/AndroidTestingPlayground","homepage":null,"size":3451,"stargazers_count":0,"watchers_count":0,"language":"Java","has_issues":true,"has_projects":true,"has_downloads":true,"has_wiki":true,"has_pages":false,"forks_count":0,"mirror_url":null,"archived":false,"open_issues_count":0,"license":null,"forks":0,"open_issues":0,"watchers":0,"default_branch":"master"},{"id":132754994,"name":"aya-testing-karate","full_name":"Aya-Akl/aya-testing-karate","owner":{"login":"Aya-Akl","id":3470578,"avatar_url":"https://avatars3.githubusercontent.com/u/3470578?v=4","gravatar_id":"","url":"https://api.github.com/users/Aya-Akl","html_url":"https://github.com/Aya-Akl","followers_url":"https://api.github.com/users/Aya-Akl/followers","following_url":"https://api.github.com/users/Aya-Akl/following{/other_user}","gists_url":"https://api.github.com/users/Aya-Akl/gists{/gist_id}","starred_url":"https://api.github.com/users/Aya-Akl/starred{/owner}{/repo}","subscriptions_url":"https://api.github.com/users/Aya-Akl/subscriptions","organizations_url":"https://api.github.com/users/Aya-Akl/orgs","repos_url":"https://api.github.com/users/Aya-Akl/repos","events_url":"https://api.github.com/users/Aya-Akl/events{/privacy}","received_events_url":"https://api.github.com/users/Aya-Akl/received_events","type":"User","site_admin":false},"private":false,"html_url":"https://github.com/Aya-Akl/aya-testing-karate","description":"Repository is added by using GitHub API using Karate DSL","fork":false,"url":"https://api.github.com/repos/Aya-Akl/aya-testing-karate","forks_url":"https://api.github.com/repos/Aya-Akl/aya-testing-karate/forks","keys_url":"https://api.github.com/repos/Aya-Akl/aya-testing-karate/keys{/key_id}","collaborators_url":"https://api.github.com/repos/Aya-Akl/aya-testing-karate/collaborators{/collaborator}","teams_url":"https://api.github.com/repos/Aya-Akl/aya-testing-karate/teams","hooks_url":"https://api.github.com/repos/Aya-Akl/aya-testing-karate/hooks","issue_events_url":"https://api.github.com/repos/Aya-Akl/aya-testing-karate/issues/events{/number}","events_url":"https://api.github.com/repos/Aya-Akl/aya-testing-karate/events","assignees_url":"https://api.github.com/repos/Aya-Akl/aya-testing-karate/assignees{/user}","branches_url":"https://api.github.com/repos/Aya-Akl/aya-testing-karate/branches{/branch}","tags_url":"https://api.github.com/repos/Aya-Akl/aya-testing-karate/tags","blobs_url":"https://api.github.com/repos/Aya-Akl/aya-testing-karate/git/blobs{/sha}","git_tags_url":"https://api.github.com/repos/Aya-Akl/aya-testing-karate/git/tags{/sha}","git_refs_url":"https://api.github.com/repos/Aya-Akl/aya-testing-karate/git/refs{/sha}","trees_url":"https://api.github.com/repos/Aya-Akl/aya-testing-karate/git/trees{/sha}","statuses_url":"https://api.github.com/repos/Aya-Akl/aya-testing-karate/statuses/{sha}","languages_url":"https://api.github.com/repos/Aya-Akl/aya-testing-karate/languages","stargazers_url":"https://api.github.com/repos/Aya-Akl/aya-testing-karate/stargazers","contributors_url":"https://api.github.com/repos/Aya-Akl/aya-testing-karate/contributors","subscribers_url":"https://api.github.com/repos/Aya-Akl/aya-testing-karate/subscribers","subscription_url":"https://api.github.com/repos/Aya-Akl/aya-testing-karate/subscription","commits_url":"https://api.github.com/repos/Aya-Akl/aya-testing-karate/commits{/sha}","git_commits_url":"https://api.github.com/repos/Aya-Akl/aya-testing-karate/git/commits{/sha}","comments_url":"https://api.github.com/repos/Aya-Akl/aya-testing-karate/comments{/number}","issue_comment_url":"https://api.github.com/repos/Aya-Akl/aya-testing-karate/issues/comments{/number}","contents_url":"https://api.github.com/repos/Aya-Akl/aya-testing-karate/contents/{+path}","compare_url":"https://api.github.com/repos/Aya-Akl/aya-testing-karate/compare/{base}...{head}","merges_url":"https://api.github.com/repos/Aya-Akl/aya-testing-karate/merges","archive_url":"https://api.github.com/repos/Aya-Akl/aya-testing-karate/{archive_format}{/ref}","downloads_url":"https://api.github.com/repos/Aya-Akl/aya-testing-karate/downloads","issues_url":"https://api.github.com/repos/Aya-Akl/aya-testing-karate/issues{/number}","pulls_url":"https://api.github.com/repos/Aya-Akl/aya-testing-karate/pulls{/number}","milestones_url":"https://api.github.com/repos/Aya-Akl/aya-testing-karate/milestones{/number}","notifications_url":"https://api.github.com/repos/Aya-Akl/aya-testing-karate/notifications{?since,all,participating}","labels_url":"https://api.github.com/repos/Aya-Akl/aya-testing-karate/labels{/name}","releases_url":"https://api.github.com/repos/Aya-Akl/aya-testing-karate/releases{/id}","deployments_url":"https://api.github.com/repos/Aya-Akl/aya-testing-karate/deployments","created_at":"2018-05-09T12:40:24Z","updated_at":"2018-05-09T13:02:21Z","pushed_at":"2018-05-09T13:02:21Z","git_url":"git://github.com/Aya-Akl/aya-testing-karate.git","ssh_url":"git@github.com:Aya-Akl/aya-testing-karate.git","clone_url":"https://github.com/Aya-Akl/aya-testing-karate.git","svn_url":"https://github.com/Aya-Akl/aya-testing-karate","homepage":"","size":37,"stargazers_count":0,"watchers_count":0,"language":"HTML","has_issues":true,"has_projects":true,"has_downloads":true,"has_wiki":true,"has_pages":false,"forks_count":0,"mirror_url":null,"archived":false,"open_issues_count":0,"license":null,"forks":0,"open_issues":0,"watchers":0,"default_branch":"master"},{"id":120222439,"name":"cucumber-jvm","full_name":"Aya-Akl/cucumber-jvm","owner":{"login":"Aya-Akl","id":3470578,"avatar_url":"https://avatars3.githubusercontent.com/u/3470578?v=4","gravatar_id":"","url":"https://api.github.com/users/Aya-Akl","html_url":"https://github.com/Aya-Akl","followers_url":"https://api.github.com/users/Aya-Akl/followers","following_url":"https://api.github.com/users/Aya-Akl/following{/other_user}","gists_url":"https://api.github.com/users/Aya-Akl/gists{/gist_id}","starred_url":"https://api.github.com/users/Aya-Akl/starred{/owner}{/repo}","subscriptions_url":"https://api.github.com/users/Aya-Akl/subscriptions","organizations_url":"https://api.github.com/users/Aya-Akl/orgs","repos_url":"https://api.github.com/users/Aya-Akl/repos","events_url":"https://api.github.com/users/Aya-Akl/events{/privacy}","received_events_url":"https://api.github.com/users/Aya-Akl/received_events","type":"User","site_admin":false},"private":false,"html_url":"https://github.com/Aya-Akl/cucumber-jvm","description":"Cucumber for the JVM","fork":true,"url":"https://api.github.com/repos/Aya-Akl/cucumber-jvm","forks_url":"https://api.github.com/repos/Aya-Akl/cucumber-jvm/forks","keys_url":"https://api.github.com/repos/Aya-Akl/cucumber-jvm/keys{/key_id}","collaborators_url":"https://api.github.com/repos/Aya-Akl/cucumber-jvm/collaborators{/collaborator}","teams_url":"https://api.github.com/repos/Aya-Akl/cucumber-jvm/teams","hooks_url":"https://api.github.com/repos/Aya-Akl/cucumber-jvm/hooks","issue_events_url":"https://api.github.com/repos/Aya-Akl/cucumber-jvm/issues/events{/number}","events_url":"https://api.github.com/repos/Aya-Akl/cucumber-jvm/events","assignees_url":"https://api.github.com/repos/Aya-Akl/cucumber-jvm/assignees{/user}","branches_url":"https://api.github.com/repos/Aya-Akl/cucumber-jvm/branches{/branch}","tags_url":"https://api.github.com/repos/Aya-Akl/cucumber-jvm/tags","blobs_url":"https://api.github.com/repos/Aya-Akl/cucumber-jvm/git/blobs{/sha}","git_tags_url":"https://api.github.com/repos/Aya-Akl/cucumber-jvm/git/tags{/sha}","git_refs_url":"https://api.github.com/repos/Aya-Akl/cucumber-jvm/git/refs{/sha}","trees_url":"https://api.github.com/repos/Aya-Akl/cucumber-jvm/git/trees{/sha}","statuses_url":"https://api.github.com/repos/Aya-Akl/cucumber-jvm/statuses/{sha}","languages_url":"https://api.github.com/repos/Aya-Akl/cucumber-jvm/languages","stargazers_url":"https://api.github.com/repos/Aya-Akl/cucumber-jvm/stargazers","contributors_url":"https://api.github.com/repos/Aya-Akl/cucumber-jvm/contributors","subscribers_url":"https://api.github.com/repos/Aya-Akl/cucumber-jvm/subscribers","subscription_url":"https://api.github.com/repos/Aya-Akl/cucumber-jvm/subscription","commits_url":"https://api.github.com/repos/Aya-Akl/cucumber-jvm/commits{/sha}","git_commits_url":"https://api.github.com/repos/Aya-Akl/cucumber-jvm/git/commits{/sha}","comments_url":"https://api.github.com/repos/Aya-Akl/cucumber-jvm/comments{/number}","issue_comment_url":"https://api.github.com/repos/Aya-Akl/cucumber-jvm/issues/comments{/number}","contents_url":"https://api.github.com/repos/Aya-Akl/cucumber-jvm/contents/{+path}","compare_url":"https://api.github.com/repos/Aya-Akl/cucumber-jvm/compare/{base}...{head}","merges_url":"https://api.github.com/repos/Aya-Akl/cucumber-jvm/merges","archive_url":"https://api.github.com/repos/Aya-Akl/cucumber-jvm/{archive_format}{/ref}","downloads_url":"https://api.github.com/repos/Aya-Akl/cucumber-jvm/downloads","issues_url":"https://api.github.com/repos/Aya-Akl/cucumber-jvm/issues{/number}","pulls_url":"https://api.github.com/repos/Aya-Akl/cucumber-jvm/pulls{/number}","milestones_url":"https://api.github.com/repos/Aya-Akl/cucumber-jvm/milestones{/number}","notifications_url":"https://api.github.com/repos/Aya-Akl/cucumber-jvm/notifications{?since,all,participating}","labels_url":"https://api.github.com/repos/Aya-Akl/cucumber-jvm/labels{/name}","releases_url":"https://api.github.com/repos/Aya-Akl/cucumber-jvm/releases{/id}","deployments_url":"https://api.github.com/repos/Aya-Akl/cucumber-jvm/deployments","created_at":"2018-02-04T20:55:34Z","updated_at":"2018-02-04T20:55:37Z","pushed_at":"2018-01-30T15:10:19Z","git_url":"git://github.com/Aya-Akl/cucumber-jvm.git","ssh_url":"git@github.com:Aya-Akl/cucumber-jvm.git","clone_url":"https://github.com/Aya-Akl/cucumber-jvm.git","svn_url":"https://github.com/Aya-Akl/cucumber-jvm","homepage":"https://cucumber.io","size":18160,"stargazers_count":0,"watchers_count":0,"language":"Java","has_issues":false,"has_projects":true,"has_downloads":true,"has_wiki":false,"has_pages":false,"forks_count":0,"mirror_url":null,"archived":false,"open_issues_count":0,"license":{"key":"mit","name":"MIT License","spdx_id":"MIT","url":"https://api.github.com/licenses/mit"},"forks":0,"open_issues":0,"watchers":0,"default_branch":"master"},{"id":75425853,"name":"TKFlight","full_name":"Aya-Akl/TKFlight","owner":{"login":"Aya-Akl","id":3470578,"avatar_url":"https://avatars3.githubusercontent.com/u/3470578?v=4","gravatar_id":"","url":"https://api.github.com/users/Aya-Akl","html_url":"https://github.com/Aya-Akl","followers_url":"https://api.github.com/users/Aya-Akl/followers","following_url":"https://api.github.com/users/Aya-Akl/following{/other_user}","gists_url":"https://api.github.com/users/Aya-Akl/gists{/gist_id}","starred_url":"https://api.github.com/users/Aya-Akl/starred{/owner}{/repo}","subscriptions_url":"https://api.github.com/users/Aya-Akl/subscriptions","organizations_url":"https://api.github.com/users/Aya-Akl/orgs","repos_url":"https://api.github.com/users/Aya-Akl/repos","events_url":"https://api.github.com/users/Aya-Akl/events{/privacy}","received_events_url":"https://api.github.com/users/Aya-Akl/received_events","type":"User","site_admin":false},"private":false,"html_url":"https://github.com/Aya-Akl/TKFlight","description":"Deploy Hockeykit to Heroku http://tkflight.herokuapp.com","fork":false,"url":"https://api.github.com/repos/Aya-Akl/TKFlight","forks_url":"https://api.github.com/repos/Aya-Akl/TKFlight/forks","keys_url":"https://api.github.com/repos/Aya-Akl/TKFlight/keys{/key_id}","collaborators_url":"https://api.github.com/repos/Aya-Akl/TKFlight/collaborators{/collaborator}","teams_url":"https://api.github.com/repos/Aya-Akl/TKFlight/teams","hooks_url":"https://api.github.com/repos/Aya-Akl/TKFlight/hooks","issue_events_url":"https://api.github.com/repos/Aya-Akl/TKFlight/issues/events{/number}","events_url":"https://api.github.com/repos/Aya-Akl/TKFlight/events","assignees_url":"https://api.github.com/repos/Aya-Akl/TKFlight/assignees{/user}","branches_url":"https://api.github.com/repos/Aya-Akl/TKFlight/branches{/branch}","tags_url":"https://api.github.com/repos/Aya-Akl/TKFlight/tags","blobs_url":"https://api.github.com/repos/Aya-Akl/TKFlight/git/blobs{/sha}","git_tags_url":"https://api.github.com/repos/Aya-Akl/TKFlight/git/tags{/sha}","git_refs_url":"https://api.github.com/repos/Aya-Akl/TKFlight/git/refs{/sha}","trees_url":"https://api.github.com/repos/Aya-Akl/TKFlight/git/trees{/sha}","statuses_url":"https://api.github.com/repos/Aya-Akl/TKFlight/statuses/{sha}","languages_url":"https://api.github.com/repos/Aya-Akl/TKFlight/languages","stargazers_url":"https://api.github.com/repos/Aya-Akl/TKFlight/stargazers","contributors_url":"https://api.github.com/repos/Aya-Akl/TKFlight/contributors","subscribers_url":"https://api.github.com/repos/Aya-Akl/TKFlight/subscribers","subscription_url":"https://api.github.com/repos/Aya-Akl/TKFlight/subscription","commits_url":"https://api.github.com/repos/Aya-Akl/TKFlight/commits{/sha}","git_commits_url":"https://api.github.com/repos/Aya-Akl/TKFlight/git/commits{/sha}","comments_url":"https://api.github.com/repos/Aya-Akl/TKFlight/comments{/number}","issue_comment_url":"https://api.github.com/repos/Aya-Akl/TKFlight/issues/comments{/number}","contents_url":"https://api.github.com/repos/Aya-Akl/TKFlight/contents/{+path}","compare_url":"https://api.github.com/repos/Aya-Akl/TKFlight/compare/{base}...{head}","merges_url":"https://api.github.com/repos/Aya-Akl/TKFlight/merges","archive_url":"https://api.github.com/repos/Aya-Akl/TKFlight/{archive_format}{/ref}","downloads_url":"https://api.github.com/repos/Aya-Akl/TKFlight/downloads","issues_url":"https://api.github.com/repos/Aya-Akl/TKFlight/issues{/number}","pulls_url":"https://api.github.com/repos/Aya-Akl/TKFlight/pulls{/number}","milestones_url":"https://api.github.com/repos/Aya-Akl/TKFlight/milestones{/number}","notifications_url":"https://api.github.com/repos/Aya-Akl/TKFlight/notifications{?since,all,participating}","labels_url":"https://api.github.com/repos/Aya-Akl/TKFlight/labels{/name}","releases_url":"https://api.github.com/repos/Aya-Akl/TKFlight/releases{/id}","deployments_url":"https://api.github.com/repos/Aya-Akl/TKFlight/deployments","created_at":"2016-12-02T19:48:10Z","updated_at":"2018-04-11T20:32:52Z","pushed_at":"2016-12-02T19:53:45Z","git_url":"git://github.com/Aya-Akl/TKFlight.git","ssh_url":"git@github.com:Aya-Akl/TKFlight.git","clone_url":"https://github.com/Aya-Akl/TKFlight.git","svn_url":"https://github.com/Aya-Akl/TKFlight","homepage":null,"size":2446,"stargazers_count":0,"watchers_count":0,"language":"PHP","has_issues":false,"has_projects":true,"has_downloads":true,"has_wiki":true,"has_pages":false,"forks_count":0,"mirror_url":null,"archived":false,"open_issues_count":0,"license":{"key":"mit","name":"MIT License","spdx_id":"MIT","url":"https://api.github.com/licenses/mit"},"forks":0,"open_issues":0,"watchers":0,"default_branch":"master"}]

21:43:57.811 [main] DEBUG com.intuit.karate - response time in milliseconds: 684
21:43:57.840 [main] INFO  com.intuit.karate - karate.env system property was: test 
21:43:57.853 [main] DEBUG com.intuit.karate - 
1 > GET https://api.github.com/repos/Aya-Akl/aya-testing-karate
1 > Accept-Encoding: gzip,deflate
1 > Connection: Keep-Alive
1 > Host: api.github.com
1 > User-Agent: Apache-HttpClient/4.5.4 (Java/1.8.0_161)

21:43:58.460 [main] DEBUG com.intuit.karate - 
1 < 200
1 < Access-Control-Allow-Origin: *
1 < Access-Control-Expose-Headers: ETag, Link, Retry-After, X-GitHub-OTP, X-RateLimit-Limit, X-RateLimit-Remaining, X-RateLimit-Reset, X-OAuth-Scopes, X-Accepted-OAuth-Scopes, X-Poll-Interval
1 < Cache-Control: public, max-age=60, s-maxage=60
1 < Content-Security-Policy: default-src 'none'
1 < Content-Type: application/json; charset=utf-8
1 < Date: Wed, 09 May 2018 19:43:50 GMT
1 < ETag: W/"92583683d619f85537a1665d5fc70af6"
1 < Last-Modified: Wed, 09 May 2018 13:02:21 GMT
1 < Referrer-Policy: origin-when-cross-origin, strict-origin-when-cross-origin
1 < Server: GitHub.com
1 < Status: 200 OK
1 < Strict-Transport-Security: max-age=31536000; includeSubdomains; preload
1 < Transfer-Encoding: chunked
1 < Vary: Accept
1 < X-Content-Type-Options: nosniff
1 < X-Frame-Options: deny
1 < X-GitHub-Media-Type: github.v3; format=json
1 < X-GitHub-Request-Id: D6F1:55F4:CCA0FB:1CC6BEA:5AF34F76
1 < X-RateLimit-Limit: 60
1 < X-RateLimit-Remaining: 18
1 < X-RateLimit-Reset: 1525897220
1 < X-Runtime-rack: 0.041171
1 < X-XSS-Protection: 1; mode=block
{"id":132754994,"name":"aya-testing-karate","full_name":"Aya-Akl/aya-testing-karate","owner":{"login":"Aya-Akl","id":3470578,"avatar_url":"https://avatars3.githubusercontent.com/u/3470578?v=4","gravatar_id":"","url":"https://api.github.com/users/Aya-Akl","html_url":"https://github.com/Aya-Akl","followers_url":"https://api.github.com/users/Aya-Akl/followers","following_url":"https://api.github.com/users/Aya-Akl/following{/other_user}","gists_url":"https://api.github.com/users/Aya-Akl/gists{/gist_id}","starred_url":"https://api.github.com/users/Aya-Akl/starred{/owner}{/repo}","subscriptions_url":"https://api.github.com/users/Aya-Akl/subscriptions","organizations_url":"https://api.github.com/users/Aya-Akl/orgs","repos_url":"https://api.github.com/users/Aya-Akl/repos","events_url":"https://api.github.com/users/Aya-Akl/events{/privacy}","received_events_url":"https://api.github.com/users/Aya-Akl/received_events","type":"User","site_admin":false},"private":false,"html_url":"https://github.com/Aya-Akl/aya-testing-karate","description":"Repository is added by using GitHub API using Karate DSL","fork":false,"url":"https://api.github.com/repos/Aya-Akl/aya-testing-karate","forks_url":"https://api.github.com/repos/Aya-Akl/aya-testing-karate/forks","keys_url":"https://api.github.com/repos/Aya-Akl/aya-testing-karate/keys{/key_id}","collaborators_url":"https://api.github.com/repos/Aya-Akl/aya-testing-karate/collaborators{/collaborator}","teams_url":"https://api.github.com/repos/Aya-Akl/aya-testing-karate/teams","hooks_url":"https://api.github.com/repos/Aya-Akl/aya-testing-karate/hooks","issue_events_url":"https://api.github.com/repos/Aya-Akl/aya-testing-karate/issues/events{/number}","events_url":"https://api.github.com/repos/Aya-Akl/aya-testing-karate/events","assignees_url":"https://api.github.com/repos/Aya-Akl/aya-testing-karate/assignees{/user}","branches_url":"https://api.github.com/repos/Aya-Akl/aya-testing-karate/branches{/branch}","tags_url":"https://api.github.com/repos/Aya-Akl/aya-testing-karate/tags","blobs_url":"https://api.github.com/repos/Aya-Akl/aya-testing-karate/git/blobs{/sha}","git_tags_url":"https://api.github.com/repos/Aya-Akl/aya-testing-karate/git/tags{/sha}","git_refs_url":"https://api.github.com/repos/Aya-Akl/aya-testing-karate/git/refs{/sha}","trees_url":"https://api.github.com/repos/Aya-Akl/aya-testing-karate/git/trees{/sha}","statuses_url":"https://api.github.com/repos/Aya-Akl/aya-testing-karate/statuses/{sha}","languages_url":"https://api.github.com/repos/Aya-Akl/aya-testing-karate/languages","stargazers_url":"https://api.github.com/repos/Aya-Akl/aya-testing-karate/stargazers","contributors_url":"https://api.github.com/repos/Aya-Akl/aya-testing-karate/contributors","subscribers_url":"https://api.github.com/repos/Aya-Akl/aya-testing-karate/subscribers","subscription_url":"https://api.github.com/repos/Aya-Akl/aya-testing-karate/subscription","commits_url":"https://api.github.com/repos/Aya-Akl/aya-testing-karate/commits{/sha}","git_commits_url":"https://api.github.com/repos/Aya-Akl/aya-testing-karate/git/commits{/sha}","comments_url":"https://api.github.com/repos/Aya-Akl/aya-testing-karate/comments{/number}","issue_comment_url":"https://api.github.com/repos/Aya-Akl/aya-testing-karate/issues/comments{/number}","contents_url":"https://api.github.com/repos/Aya-Akl/aya-testing-karate/contents/{+path}","compare_url":"https://api.github.com/repos/Aya-Akl/aya-testing-karate/compare/{base}...{head}","merges_url":"https://api.github.com/repos/Aya-Akl/aya-testing-karate/merges","archive_url":"https://api.github.com/repos/Aya-Akl/aya-testing-karate/{archive_format}{/ref}","downloads_url":"https://api.github.com/repos/Aya-Akl/aya-testing-karate/downloads","issues_url":"https://api.github.com/repos/Aya-Akl/aya-testing-karate/issues{/number}","pulls_url":"https://api.github.com/repos/Aya-Akl/aya-testing-karate/pulls{/number}","milestones_url":"https://api.github.com/repos/Aya-Akl/aya-testing-karate/milestones{/number}","notifications_url":"https://api.github.com/repos/Aya-Akl/aya-testing-karate/notifications{?since,all,participating}","labels_url":"https://api.github.com/repos/Aya-Akl/aya-testing-karate/labels{/name}","releases_url":"https://api.github.com/repos/Aya-Akl/aya-testing-karate/releases{/id}","deployments_url":"https://api.github.com/repos/Aya-Akl/aya-testing-karate/deployments","created_at":"2018-05-09T12:40:24Z","updated_at":"2018-05-09T13:02:21Z","pushed_at":"2018-05-09T13:02:21Z","git_url":"git://github.com/Aya-Akl/aya-testing-karate.git","ssh_url":"git@github.com:Aya-Akl/aya-testing-karate.git","clone_url":"https://github.com/Aya-Akl/aya-testing-karate.git","svn_url":"https://github.com/Aya-Akl/aya-testing-karate","homepage":"","size":37,"stargazers_count":0,"watchers_count":0,"language":"HTML","has_issues":true,"has_projects":true,"has_downloads":true,"has_wiki":true,"has_pages":false,"forks_count":0,"mirror_url":null,"archived":false,"open_issues_count":0,"license":null,"forks":0,"open_issues":0,"watchers":0,"default_branch":"master","network_count":0,"subscribers_count":1}

21:43:58.462 [main] DEBUG com.intuit.karate - response time in milliseconds: 610
21:43:58.487 [main] INFO  com.intuit.karate - karate.env system property was: test 
21:43:58.494 [main] DEBUG com.intuit.karate - 
1 > GET https://api.github.com/repos/Aya-Akl/aya-testing-karate
1 > Accept-Encoding: gzip,deflate
1 > Connection: Keep-Alive
1 > Host: api.github.com
1 > User-Agent: Apache-HttpClient/4.5.4 (Java/1.8.0_161)

21:43:59.056 [main] DEBUG com.intuit.karate - 
1 < 200
1 < Access-Control-Allow-Origin: *
1 < Access-Control-Expose-Headers: ETag, Link, Retry-After, X-GitHub-OTP, X-RateLimit-Limit, X-RateLimit-Remaining, X-RateLimit-Reset, X-OAuth-Scopes, X-Accepted-OAuth-Scopes, X-Poll-Interval
1 < Cache-Control: public, max-age=60, s-maxage=60
1 < Content-Security-Policy: default-src 'none'
1 < Content-Type: application/json; charset=utf-8
1 < Date: Wed, 09 May 2018 19:43:50 GMT
1 < ETag: W/"92583683d619f85537a1665d5fc70af6"
1 < Last-Modified: Wed, 09 May 2018 13:02:21 GMT
1 < Referrer-Policy: origin-when-cross-origin, strict-origin-when-cross-origin
1 < Server: GitHub.com
1 < Status: 200 OK
1 < Strict-Transport-Security: max-age=31536000; includeSubdomains; preload
1 < Transfer-Encoding: chunked
1 < Vary: Accept
1 < X-Content-Type-Options: nosniff
1 < X-Frame-Options: deny
1 < X-GitHub-Media-Type: github.v3; format=json
1 < X-GitHub-Request-Id: D6F2:55F4:CCA136:1CC6C50:5AF34F76
1 < X-RateLimit-Limit: 60
1 < X-RateLimit-Remaining: 17
1 < X-RateLimit-Reset: 1525897220
1 < X-Runtime-rack: 0.033485
1 < X-XSS-Protection: 1; mode=block
{"id":132754994,"name":"aya-testing-karate","full_name":"Aya-Akl/aya-testing-karate","owner":{"login":"Aya-Akl","id":3470578,"avatar_url":"https://avatars3.githubusercontent.com/u/3470578?v=4","gravatar_id":"","url":"https://api.github.com/users/Aya-Akl","html_url":"https://github.com/Aya-Akl","followers_url":"https://api.github.com/users/Aya-Akl/followers","following_url":"https://api.github.com/users/Aya-Akl/following{/other_user}","gists_url":"https://api.github.com/users/Aya-Akl/gists{/gist_id}","starred_url":"https://api.github.com/users/Aya-Akl/starred{/owner}{/repo}","subscriptions_url":"https://api.github.com/users/Aya-Akl/subscriptions","organizations_url":"https://api.github.com/users/Aya-Akl/orgs","repos_url":"https://api.github.com/users/Aya-Akl/repos","events_url":"https://api.github.com/users/Aya-Akl/events{/privacy}","received_events_url":"https://api.github.com/users/Aya-Akl/received_events","type":"User","site_admin":false},"private":false,"html_url":"https://github.com/Aya-Akl/aya-testing-karate","description":"Repository is added by using GitHub API using Karate DSL","fork":false,"url":"https://api.github.com/repos/Aya-Akl/aya-testing-karate","forks_url":"https://api.github.com/repos/Aya-Akl/aya-testing-karate/forks","keys_url":"https://api.github.com/repos/Aya-Akl/aya-testing-karate/keys{/key_id}","collaborators_url":"https://api.github.com/repos/Aya-Akl/aya-testing-karate/collaborators{/collaborator}","teams_url":"https://api.github.com/repos/Aya-Akl/aya-testing-karate/teams","hooks_url":"https://api.github.com/repos/Aya-Akl/aya-testing-karate/hooks","issue_events_url":"https://api.github.com/repos/Aya-Akl/aya-testing-karate/issues/events{/number}","events_url":"https://api.github.com/repos/Aya-Akl/aya-testing-karate/events","assignees_url":"https://api.github.com/repos/Aya-Akl/aya-testing-karate/assignees{/user}","branches_url":"https://api.github.com/repos/Aya-Akl/aya-testing-karate/branches{/branch}","tags_url":"https://api.github.com/repos/Aya-Akl/aya-testing-karate/tags","blobs_url":"https://api.github.com/repos/Aya-Akl/aya-testing-karate/git/blobs{/sha}","git_tags_url":"https://api.github.com/repos/Aya-Akl/aya-testing-karate/git/tags{/sha}","git_refs_url":"https://api.github.com/repos/Aya-Akl/aya-testing-karate/git/refs{/sha}","trees_url":"https://api.github.com/repos/Aya-Akl/aya-testing-karate/git/trees{/sha}","statuses_url":"https://api.github.com/repos/Aya-Akl/aya-testing-karate/statuses/{sha}","languages_url":"https://api.github.com/repos/Aya-Akl/aya-testing-karate/languages","stargazers_url":"https://api.github.com/repos/Aya-Akl/aya-testing-karate/stargazers","contributors_url":"https://api.github.com/repos/Aya-Akl/aya-testing-karate/contributors","subscribers_url":"https://api.github.com/repos/Aya-Akl/aya-testing-karate/subscribers","subscription_url":"https://api.github.com/repos/Aya-Akl/aya-testing-karate/subscription","commits_url":"https://api.github.com/repos/Aya-Akl/aya-testing-karate/commits{/sha}","git_commits_url":"https://api.github.com/repos/Aya-Akl/aya-testing-karate/git/commits{/sha}","comments_url":"https://api.github.com/repos/Aya-Akl/aya-testing-karate/comments{/number}","issue_comment_url":"https://api.github.com/repos/Aya-Akl/aya-testing-karate/issues/comments{/number}","contents_url":"https://api.github.com/repos/Aya-Akl/aya-testing-karate/contents/{+path}","compare_url":"https://api.github.com/repos/Aya-Akl/aya-testing-karate/compare/{base}...{head}","merges_url":"https://api.github.com/repos/Aya-Akl/aya-testing-karate/merges","archive_url":"https://api.github.com/repos/Aya-Akl/aya-testing-karate/{archive_format}{/ref}","downloads_url":"https://api.github.com/repos/Aya-Akl/aya-testing-karate/downloads","issues_url":"https://api.github.com/repos/Aya-Akl/aya-testing-karate/issues{/number}","pulls_url":"https://api.github.com/repos/Aya-Akl/aya-testing-karate/pulls{/number}","milestones_url":"https://api.github.com/repos/Aya-Akl/aya-testing-karate/milestones{/number}","notifications_url":"https://api.github.com/repos/Aya-Akl/aya-testing-karate/notifications{?since,all,participating}","labels_url":"https://api.github.com/repos/Aya-Akl/aya-testing-karate/labels{/name}","releases_url":"https://api.github.com/repos/Aya-Akl/aya-testing-karate/releases{/id}","deployments_url":"https://api.github.com/repos/Aya-Akl/aya-testing-karate/deployments","created_at":"2018-05-09T12:40:24Z","updated_at":"2018-05-09T13:02:21Z","pushed_at":"2018-05-09T13:02:21Z","git_url":"git://github.com/Aya-Akl/aya-testing-karate.git","ssh_url":"git@github.com:Aya-Akl/aya-testing-karate.git","clone_url":"https://github.com/Aya-Akl/aya-testing-karate.git","svn_url":"https://github.com/Aya-Akl/aya-testing-karate","homepage":"","size":37,"stargazers_count":0,"watchers_count":0,"language":"HTML","has_issues":true,"has_projects":true,"has_downloads":true,"has_wiki":true,"has_pages":false,"forks_count":0,"mirror_url":null,"archived":false,"open_issues_count":0,"license":null,"forks":0,"open_issues":0,"watchers":0,"default_branch":"master","network_count":0,"subscribers_count":1}

21:43:59.057 [main] DEBUG com.intuit.karate - response time in milliseconds: 564
21:43:59.084 [main] INFO  com.intuit.karate - karate.env system property was: test 
21:43:59.093 [main] DEBUG com.intuit.karate - 
1 > GET https://api.github.com/repos/Aya-Akl/aya-testing-karate
1 > Accept-Encoding: gzip,deflate
1 > Connection: Keep-Alive
1 > Host: api.github.com
1 > User-Agent: Apache-HttpClient/4.5.4 (Java/1.8.0_161)

21:43:59.689 [main] DEBUG com.intuit.karate - 
1 < 200
1 < Access-Control-Allow-Origin: *
1 < Access-Control-Expose-Headers: ETag, Link, Retry-After, X-GitHub-OTP, X-RateLimit-Limit, X-RateLimit-Remaining, X-RateLimit-Reset, X-OAuth-Scopes, X-Accepted-OAuth-Scopes, X-Poll-Interval
1 < Cache-Control: public, max-age=60, s-maxage=60
1 < Content-Security-Policy: default-src 'none'
1 < Content-Type: application/json; charset=utf-8
1 < Date: Wed, 09 May 2018 19:43:51 GMT
1 < ETag: W/"92583683d619f85537a1665d5fc70af6"
1 < Last-Modified: Wed, 09 May 2018 13:02:21 GMT
1 < Referrer-Policy: origin-when-cross-origin, strict-origin-when-cross-origin
1 < Server: GitHub.com
1 < Status: 200 OK
1 < Strict-Transport-Security: max-age=31536000; includeSubdomains; preload
1 < Transfer-Encoding: chunked
1 < Vary: Accept
1 < X-Content-Type-Options: nosniff
1 < X-Frame-Options: deny
1 < X-GitHub-Media-Type: github.v3; format=json
1 < X-GitHub-Request-Id: D6F3:55F4:CCA16C:1CC6CB7:5AF34F77
1 < X-RateLimit-Limit: 60
1 < X-RateLimit-Remaining: 16
1 < X-RateLimit-Reset: 1525897220
1 < X-Runtime-rack: 0.050552
1 < X-XSS-Protection: 1; mode=block
{"id":132754994,"name":"aya-testing-karate","full_name":"Aya-Akl/aya-testing-karate","owner":{"login":"Aya-Akl","id":3470578,"avatar_url":"https://avatars3.githubusercontent.com/u/3470578?v=4","gravatar_id":"","url":"https://api.github.com/users/Aya-Akl","html_url":"https://github.com/Aya-Akl","followers_url":"https://api.github.com/users/Aya-Akl/followers","following_url":"https://api.github.com/users/Aya-Akl/following{/other_user}","gists_url":"https://api.github.com/users/Aya-Akl/gists{/gist_id}","starred_url":"https://api.github.com/users/Aya-Akl/starred{/owner}{/repo}","subscriptions_url":"https://api.github.com/users/Aya-Akl/subscriptions","organizations_url":"https://api.github.com/users/Aya-Akl/orgs","repos_url":"https://api.github.com/users/Aya-Akl/repos","events_url":"https://api.github.com/users/Aya-Akl/events{/privacy}","received_events_url":"https://api.github.com/users/Aya-Akl/received_events","type":"User","site_admin":false},"private":false,"html_url":"https://github.com/Aya-Akl/aya-testing-karate","description":"Repository is added by using GitHub API using Karate DSL","fork":false,"url":"https://api.github.com/repos/Aya-Akl/aya-testing-karate","forks_url":"https://api.github.com/repos/Aya-Akl/aya-testing-karate/forks","keys_url":"https://api.github.com/repos/Aya-Akl/aya-testing-karate/keys{/key_id}","collaborators_url":"https://api.github.com/repos/Aya-Akl/aya-testing-karate/collaborators{/collaborator}","teams_url":"https://api.github.com/repos/Aya-Akl/aya-testing-karate/teams","hooks_url":"https://api.github.com/repos/Aya-Akl/aya-testing-karate/hooks","issue_events_url":"https://api.github.com/repos/Aya-Akl/aya-testing-karate/issues/events{/number}","events_url":"https://api.github.com/repos/Aya-Akl/aya-testing-karate/events","assignees_url":"https://api.github.com/repos/Aya-Akl/aya-testing-karate/assignees{/user}","branches_url":"https://api.github.com/repos/Aya-Akl/aya-testing-karate/branches{/branch}","tags_url":"https://api.github.com/repos/Aya-Akl/aya-testing-karate/tags","blobs_url":"https://api.github.com/repos/Aya-Akl/aya-testing-karate/git/blobs{/sha}","git_tags_url":"https://api.github.com/repos/Aya-Akl/aya-testing-karate/git/tags{/sha}","git_refs_url":"https://api.github.com/repos/Aya-Akl/aya-testing-karate/git/refs{/sha}","trees_url":"https://api.github.com/repos/Aya-Akl/aya-testing-karate/git/trees{/sha}","statuses_url":"https://api.github.com/repos/Aya-Akl/aya-testing-karate/statuses/{sha}","languages_url":"https://api.github.com/repos/Aya-Akl/aya-testing-karate/languages","stargazers_url":"https://api.github.com/repos/Aya-Akl/aya-testing-karate/stargazers","contributors_url":"https://api.github.com/repos/Aya-Akl/aya-testing-karate/contributors","subscribers_url":"https://api.github.com/repos/Aya-Akl/aya-testing-karate/subscribers","subscription_url":"https://api.github.com/repos/Aya-Akl/aya-testing-karate/subscription","commits_url":"https://api.github.com/repos/Aya-Akl/aya-testing-karate/commits{/sha}","git_commits_url":"https://api.github.com/repos/Aya-Akl/aya-testing-karate/git/commits{/sha}","comments_url":"https://api.github.com/repos/Aya-Akl/aya-testing-karate/comments{/number}","issue_comment_url":"https://api.github.com/repos/Aya-Akl/aya-testing-karate/issues/comments{/number}","contents_url":"https://api.github.com/repos/Aya-Akl/aya-testing-karate/contents/{+path}","compare_url":"https://api.github.com/repos/Aya-Akl/aya-testing-karate/compare/{base}...{head}","merges_url":"https://api.github.com/repos/Aya-Akl/aya-testing-karate/merges","archive_url":"https://api.github.com/repos/Aya-Akl/aya-testing-karate/{archive_format}{/ref}","downloads_url":"https://api.github.com/repos/Aya-Akl/aya-testing-karate/downloads","issues_url":"https://api.github.com/repos/Aya-Akl/aya-testing-karate/issues{/number}","pulls_url":"https://api.github.com/repos/Aya-Akl/aya-testing-karate/pulls{/number}","milestones_url":"https://api.github.com/repos/Aya-Akl/aya-testing-karate/milestones{/number}","notifications_url":"https://api.github.com/repos/Aya-Akl/aya-testing-karate/notifications{?since,all,participating}","labels_url":"https://api.github.com/repos/Aya-Akl/aya-testing-karate/labels{/name}","releases_url":"https://api.github.com/repos/Aya-Akl/aya-testing-karate/releases{/id}","deployments_url":"https://api.github.com/repos/Aya-Akl/aya-testing-karate/deployments","created_at":"2018-05-09T12:40:24Z","updated_at":"2018-05-09T13:02:21Z","pushed_at":"2018-05-09T13:02:21Z","git_url":"git://github.com/Aya-Akl/aya-testing-karate.git","ssh_url":"git@github.com:Aya-Akl/aya-testing-karate.git","clone_url":"https://github.com/Aya-Akl/aya-testing-karate.git","svn_url":"https://github.com/Aya-Akl/aya-testing-karate","homepage":"","size":37,"stargazers_count":0,"watchers_count":0,"language":"HTML","has_issues":true,"has_projects":true,"has_downloads":true,"has_wiki":true,"has_pages":false,"forks_count":0,"mirror_url":null,"archived":false,"open_issues_count":0,"license":null,"forks":0,"open_issues":0,"watchers":0,"default_branch":"master","network_count":0,"subscribers_count":1}

21:43:59.690 [main] DEBUG com.intuit.karate - response time in milliseconds: 598
